ID RA DEC LST1_start LST1_stop LST2_start LST2_stop Nvis Exptime Prob(Norm) Contour
1 200.213000 43.965420 39.323407 40.880699 33.814367 35.371660 1 1200 0.031557 77.7
2 193.579000 27.067680 38.940440 40.198446 33.612087 34.870093 1 1200 0.020285 85.8
3 186.252045 28.558516 38.472684 39.748206 33.085400 34.360922 1 1200 0.017203 86.8
4 268.951874 62.612106 42.193823 20.636817 39.223432 41.666427 1 1200 0.016927 59.5
5 104.393555 46.403015 32.860467 34.485860 27.433281 29.058673 1 1200 0.016600 70.7
6 195.233734 27.790779 39.061263 40.327514 33.703651 34.969901 1 1200 0.016506 85.5
7 257.043000 63.631020 41.110779 43.642138 38.630262 41.161621 1 1200 0.016433 77.5
8 268.174000 29.838660 43.948323 21.239996 38.516537 39.808211 1 1200 0.014554 80.9
9 93.132469 6.696763 31.458985 32.586700 27.830963 28.958678 1 1200 0.014224 88.3
10 266.697083 59.245708 42.684311 20.880691 38.678920 40.875300 1 1200 0.013560 8.2
11 273.140503 21.426077 20.126127 21.329361 39.089373 40.292607 1 1200 0.013494 66.3
12 248.788391 46.213890 42.492732 20.113115 37.058671 38.679054 1 1200 0.012903 85.7
13 261.861603 58.516628 42.466603 20.615835 38.299045 40.448278 1 1200 0.012744 68.5
14 181.662155 28.174242 38.161737 39.432572 32.789048 34.059883 1 1200 0.012699 89.7
15 237.770721 67.158707 38.466238 41.236525 -99.000000 -99.000000 1 1200 0.012071 77.1
16 107.795021 50.174694 32.919391 34.670444 27.702225 29.453278 1 1200 0.011829 71.3
17 266.141083 48.114086 43.575554 21.255090 38.230387 39.909924 1 1200 0.011826 60.4
18 193.729858 27.412653 38.955874 40.217960 33.612688 34.874773 1 1200 0.011686 85.8
19 183.372177 50.741467 37.926267 39.698568 32.751056 34.523357 1 1200 0.011527 83.7
20 269.715790 34.005867 20.073422 21.425082 38.537024 39.888683 1 1200 0.011153 37.0
21 266.236115 55.704632 43.076969 21.068906 38.429243 40.421180 1 1200 0.011032 25.3
22 106.425102 50.581104 32.805662 34.571836 27.618177 29.384352 1 1200 0.010905 69.4
23 191.980347 27.222490 38.836376 40.096254 33.501126 34.761004 1 1200 0.010791 85.8
24 111.250084 49.492313 33.185209 34.911671 27.921673 29.648135 1 1200 0.010601 76.6
25 242.795868 61.267929 40.746911 43.084405 37.288377 39.625871 1 1200 0.010592 77.5
26 195.278168 39.841393 39.075505 40.535275 33.501814 34.961584 1 1200 0.010551 78.2
27 104.073090 45.492859 32.869531 34.468661 27.407751 29.006881 1 1200 0.010380 71.4
28 239.377000 70.689040 38.733354 41.183580 -99.000000 -99.000000 1 1200 0.010339 75.9
29 183.062103 56.177395 37.485950 39.502035 32.906246 34.922331 1 1200 0.010314 87.4
30 200.793777 43.086334 39.384041 40.918667 33.853837 35.388462 1 1200 0.010168 77.8
31 228.593262 50.329609 40.963748 42.720817 35.758285 37.515353 1 1200 0.010145 88.8
32 116.870926 60.933582 32.417810 34.729861 28.852929 31.164980 1 1200 0.010129 74.5
33 269.318054 64.938057 41.396725 20.051732 39.857341 42.512349 1 1200 0.010062 66.9
34 109.827621 51.292465 32.991627 34.784672 27.859011 29.652055 1 1200 0.009941 73.9
35 258.845459 57.411247 42.402833 20.486980 38.025748 40.109895 1 1200 0.009914 84.4
36 242.685000 57.462300 41.319988 43.406807 36.951193 39.038012 1 1200 0.009895 81.9
37 192.747986 47.671421 38.701445 40.366587 33.333144 34.998287 1 1200 0.009893 78.4
38 273.003000 21.465070 20.118364 21.322034 39.078366 40.282036 1 1200 0.009703 66.3
39 195.473984 27.624367 39.074943 40.339260 33.723938 34.988255 1 1200 0.009666 85.5
40 205.786957 30.337593 39.793592 41.091534 34.346727 35.644669 1 1200 0.009589 84.5
41 113.269371 65.079056 30.912741 33.581786 29.520797 32.189842 1 1200 0.009582 64.9
42 193.579178 27.068092 38.940452 40.198458 33.612099 34.870105 1 1200 0.009556 85.8
43 173.705505 49.077446 37.369106 39.081177 32.079557 33.791628 1 1200 0.009497 86.2
44 95.460419 0.366161 31.032768 32.152791 28.575264 29.695287 1 1200 0.009441 75.5
45 105.637657 50.590607 32.753165 34.519340 27.565681 29.331856 1 1200 0.009394 69.1
46 183.591690 56.011406 37.538440 39.545582 32.933310 34.940452 1 1200 0.009388 89.2
47 176.574000 33.204490 37.862562 39.201745 32.341455 33.680638 1 1200 0.009223 89.4
48 239.282196 63.917454 39.833514 42.390265 37.514028 40.070779 1 1200 0.009196 79.4
49 228.280746 41.264629 41.253849 42.744634 35.692798 37.183584 1 1200 0.009192 87.5
50 260.854828 56.974499 42.587831 20.646789 38.133854 40.192813 1 1200 0.009183 87.6
51 268.024414 21.569176 43.789252 20.993798 38.742791 39.947336 1 1200 0.009091 88.7
52 107.058189 46.115822 33.047951 34.665017 27.609408 29.226474 1 1200 0.008996 73.8
53 184.948471 30.339205 38.404359 39.702301 32.957495 34.255437 1 1200 0.008963 86.4
54 254.066895 55.026424 42.330422 20.287525 37.588061 39.545164 1 1200 0.008943 85.3
55 204.353561 27.419378 39.664121 40.926207 34.320935 35.583020 1 1200 0.008942 85.9
56 176.121292 55.652031 37.074063 39.063482 32.419357 34.408776 1 1200 0.008839 89.0
57 173.496704 49.062008 37.356504 39.067626 32.065268 33.776390 1 1200 0.008811 86.2
58 253.467529 39.760258 42.955951 20.413891 37.381780 38.839719 1 1200 0.008783 89.2
59 212.768707 25.697847 40.196820 41.439916 34.929245 36.172341 1 1200 0.008736 89.5
60 271.535614 23.465588 20.069529 21.290705 38.914044 40.135220 1 1200 0.008543 36.8
61 270.443329 19.729019 43.897980 21.087891 38.971219 40.161131 1 1200 0.008538 56.1
62 252.482819 53.953838 42.315034 20.221637 37.442739 39.349342 1 1200 0.008515 85.3
63 194.351471 27.497721 38.998521 40.261560 33.651969 34.915008 1 1200 0.008482 85.5
64 107.283211 48.615597 32.962889 34.658976 27.645452 29.341539 1 1200 0.008469 71.4
65 195.074799 28.202284 39.056277 40.327444 33.682530 34.953696 1 1200 0.008415 85.5
66 266.887054 64.027596 41.633389 20.200677 39.384263 41.951552 1 1200 0.008410 33.0
67 253.592606 41.335300 42.939784 20.432539 37.379809 38.872563 1 1200 0.008264 89.9
68 217.505615 36.360889 40.588558 41.979872 35.020876 36.412191 1 1200 0.008236 85.6
69 272.739000 31.115630 20.263310 21.571942 38.793258 40.101890 1 1200 0.008223 60.8
70 272.739563 31.116236 20.263347 21.571979 38.793296 40.101928 1 1200 0.008184 60.8
71 213.416946 43.866680 40.205905 41.760961 34.694632 36.249688 1 1200 0.008122 81.0
72 212.989349 72.274498 37.222586 39.175994 -99.000000 -99.000000 1 1200 0.008111 86.6
73 102.737122 33.437637 32.940648 34.283342 27.414941 28.757635 1 1200 0.008110 77.4
74 271.469849 34.017143 20.190360 21.542019 38.653961 40.005620 1 1200 0.008064 23.8
75 212.698486 35.913383 40.269806 41.653506 34.706293 36.089992 1 1200 0.007964 83.1
76 198.070724 44.839180 39.156032 40.736969 33.672461 35.253398 1 1200 0.007866 77.6
77 241.641342 72.494400 39.170163 41.048683 -99.000000 -99.000000 1 1200 0.007822 75.9
78 214.819000 26.298618 40.344034 41.593539 35.048994 36.298500 1 1200 0.007765 89.1
79 267.159790 51.157242 43.488502 21.276314 38.344991 40.132803 1 1200 0.007724 30.2
80 242.876587 58.785698 41.164705 43.330492 37.053053 39.218840 1 1200 0.007707 81.5
81 270.099304 28.788250 20.065199 21.343447 38.669793 39.948041 1 1200 0.007706 45.2
82 261.980011 56.868835 42.673353 20.727054 38.203614 40.257315 1 1200 0.007698 70.6
83 271.308258 46.881535 43.969617 21.610280 38.564155 40.204817 1 1200 0.007677 44.5
84 238.282898 64.918068 39.337183 41.990460 37.780593 40.433870 1 1200 0.007675 77.2
85 219.064102 29.908327 40.674871 41.967274 35.241273 36.533676 1 1200 0.007607 88.5
86 244.454529 52.202152 41.907515 43.738060 36.855878 38.686423 1 1200 0.007585 87.4
87 181.638397 39.237648 38.173846 39.620966 32.597487 34.044607 1 1200 0.007565 83.0
88 261.822235 58.485527 42.466963 20.614821 38.294811 40.442669 1 1200 0.007563 68.5
89 250.446182 39.984329 42.751402 20.214240 37.178585 38.641422 1 1200 0.007556 89.5
90 244.074356 64.102448 40.085418 42.659608 37.883639 40.457829 1 1200 0.007551 77.0
91 198.305984 33.984417 39.312743 40.663947 33.776851 35.128055 1 1200 0.007511 80.7
92 196.232513 47.503628 38.940565 40.600386 33.563949 35.223770 1 1200 0.007463 78.1
93 197.157639 43.737556 39.125620 40.676971 33.610714 35.162065 1 1200 0.007442 77.6
94 206.412430 56.616619 38.997334 41.036662 34.484996 36.524324 1 1200 0.007427 87.3
95 268.709686 62.645065 42.169475 20.615173 39.212785 41.658483 1 1200 0.007424 46.1
96 182.286774 44.003136 38.127575 39.685614 32.619289 34.177328 1 1200 0.007394 81.7
97 192.529373 52.850079 38.402308 40.259453 33.411130 35.268275 1 1200 0.007383 82.5
98 208.805923 25.051813 39.920909 41.157548 34.683242 35.919880 1 1200 0.007368 89.2
99 195.864639 53.532131 38.572754 40.460686 33.654599 35.542531 1 1200 0.007363 82.0
100 255.794647 51.367050 42.717877 20.514076 37.591877 39.388076 1 1200 0.007359 88.2
