ID RA DEC LST1_start LST1_stop LST2_start LST2_stop Nvis Exptime Prob(Norm) Contour
1 123746.000000 73.580307 8249.177450 8250.289216 -99.000000 -99.000000 1 1200 0.047209 84.5
2 123026.000000 73.531982 8201.151987 8202.314680 -99.000000 -99.000000 1 1200 0.045732 84.5
3 246867.000000 73.348076 16457.144226 16458.455774 -99.000000 -99.000000 1 1200 0.038597 84.5
4 123750.000000 72.586609 8249.099892 8250.900108 -99.000000 -99.000000 1 1200 0.037589 77.5
5 246868.000000 73.180344 16457.139617 16458.593717 -99.000000 -99.000000 1 1200 0.037169 81.1
6 2207068.000000 72.656433 147136.966558 147138.766775 -99.000000 -99.000000 1 1200 0.021470 77.5
7 217709.000000 73.515221 14513.351987 14514.514680 -99.000000 -99.000000 1 1200 0.020982 81.1
8 2207070.000000 72.945648 147137.183207 147138.816793 -99.000000 -99.000000 1 1200 0.020200 77.5
9 246869.000000 71.952858 16456.886926 16458.979741 -99.000000 -99.000000 1 1200 0.017831 76.7
10 2207069.000000 72.766739 147137.074058 147138.792609 -99.000000 -99.000000 1 1200 0.017190 77.5
11 274588.000000 71.599922 18304.757516 18306.975817 -99.000000 -99.000000 1 1200 0.017142 76.7
12 272789.000000 73.299713 18185.253438 18186.613228 -99.000000 -99.000000 1 1200 0.016668 81.1
13 246870.000000 72.024529 16456.970367 16459.029633 -99.000000 -99.000000 1 1200 0.016117 76.7
14 123028.000000 72.894218 8201.049874 8202.683460 -99.000000 -99.000000 1 1200 0.016028 81.1
15 272788.000000 72.812553 18185.028429 18186.704905 -99.000000 -99.000000 1 1200 0.016028 81.1
16 62547.000000 72.647621 4168.899892 4170.700108 -99.000000 -99.000000 1 1200 0.015400 81.1
17 123749.000000 73.126068 8249.183266 8250.683401 -99.000000 -99.000000 1 1200 0.015361 81.1
18 217710.000000 72.971947 14513.205055 14514.794945 -99.000000 -99.000000 1 1200 0.014172 77.5
19 2134708.000000 71.498894 142312.742917 142314.990416 -99.000000 -99.000000 1 1200 0.014001 76.7
20 265949.000000 71.703583 17728.839216 17731.027451 -99.000000 -99.000000 1 1200 0.013370 76.7
21 260188.000000 73.881439 17345.496992 17346.236342 -99.000000 -99.000000 1 1200 0.013164 84.5
22 272787.000000 72.487862 18184.860740 18186.739260 -99.000000 -99.000000 1 1200 0.013142 77.5
23 201148.000000 72.512054 13408.946771 13410.786563 -99.000000 -99.000000 1 1200 0.012957 77.5
24 2134709.000000 71.907555 142312.886926 142314.979741 -99.000000 -99.000000 1 1200 0.012699 76.7
25 201150.000000 73.347404 13409.344226 13410.655774 -99.000000 -99.000000 1 1200 0.012416 81.1
26 2168907.000000 72.009796 144592.770367 144594.829633 -99.000000 -99.000000 1 1200 0.012395 77.5
27 274587.000000 71.659096 18304.705883 18306.894117 -99.000000 -99.000000 1 1200 0.012341 76.7
28 201147.000000 72.590172 13408.899892 13410.700108 -99.000000 -99.000000 1 1200 0.012089 81.1
29 224550.000000 71.747871 14968.921350 14971.078650 -99.000000 -99.000000 1 1200 0.012047 76.7
30 2134707.000000 70.846519 142312.597685 142315.002315 -99.000000 -99.000000 1 1200 0.011829 75.6
31 276389.000000 73.034760 18425.160632 18426.706035 -99.000000 -99.000000 1 1200 0.011623 81.1
32 82349.000000 71.487846 5488.809584 5491.057083 -99.000000 -99.000000 1 1200 0.011268 76.7
33 260189.000000 72.398735 17344.975137 17346.891530 -99.000000 -99.000000 1 1200 0.011153 77.5
34 201149.000000 73.028801 13409.160632 13410.706035 -99.000000 -99.000000 1 1200 0.010009 81.1
35 59668.000000 71.778885 3976.788017 3978.945316 -99.000000 -99.000000 1 1200 0.009961 76.7
36 285390.000000 71.664459 19024.905883 19027.094117 -99.000000 -99.000000 1 1200 0.009903 76.7
37 45269.000000 70.864540 3016.731018 3019.135648 -99.000000 -99.000000 1 1200 0.009900 75.6
38 2168908.000000 72.742172 144593.007391 144594.725942 -99.000000 -99.000000 1 1200 0.009809 81.1
39 235709.000000 69.180862 15712.599247 15715.267420 -99.000000 -99.000000 1 1200 0.009552 75.9
40 52827.000000 71.701767 3520.705883 3522.894117 -99.000000 -99.000000 1 1200 0.009530 76.7
41 56790.000000 71.594391 3784.890849 3787.109151 -99.000000 -99.000000 1 1200 0.009295 75.6
42 71188.000000 71.045723 4744.688832 4747.044501 -99.000000 -99.000000 1 1200 0.009000 75.6
43 71187.000000 70.899071 4744.597685 4747.002315 -99.000000 -99.000000 1 1200 0.009000 75.6
44 82347.000000 71.847450 5488.737254 5490.862746 -99.000000 -99.000000 1 1200 0.008988 77.5
45 304827.000000 70.403946 20320.553748 20323.046252 -99.000000 -99.000000 1 1200 0.008854 75.6
46 257668.000000 70.330559 17176.610460 17179.122873 -99.000000 -99.000000 1 1200 0.008583 74.3
47 56789.000000 67.827736 3784.553626 3787.313041 -99.000000 -99.000000 1 1200 0.008522 74.0
48 295827.000000 71.558739 19720.690849 19722.909151 -99.000000 -99.000000 1 1200 0.008107 76.7
49 257667.000000 70.127220 17176.525096 17179.074904 -99.000000 -99.000000 1 1200 0.008020 74.3
50 235349.000000 71.996132 15688.903700 15690.962966 -99.000000 -99.000000 1 1200 0.007603 76.7
51 42389.000000 72.693581 2825.053433 2826.813234 -99.000000 -99.000000 1 1200 0.007585 77.5
52 59669.000000 71.069214 3976.755499 3979.111168 -99.000000 -99.000000 1 1200 0.007328 75.6
53 224907.000000 70.232018 14992.534244 14995.065756 -99.000000 -99.000000 1 1200 0.007157 74.3
54 2249190.000000 69.440010 149944.678432 149947.321568 -99.000000 -99.000000 1 1200 0.006887 72.8
55 235350.000000 72.145294 15688.987576 15691.012424 -99.000000 -99.000000 1 1200 0.006799 76.7
56 224548.000000 71.105682 14968.688832 14971.044501 -99.000000 -99.000000 1 1200 0.006798 75.6
57 257669.000000 71.279358 17176.781682 17179.084985 -99.000000 -99.000000 1 1200 0.005992 75.7
58 224909.000000 70.754761 14992.719410 14995.147256 -99.000000 -99.000000 1 1200 0.005947 75.6
59 224549.000000 71.129578 14968.768377 14971.098290 -99.000000 -99.000000 1 1200 0.005891 75.6
60 224547.000000 70.221237 14968.534244 14971.065756 -99.000000 -99.000000 1 1200 0.005830 74.3
61 265948.000000 70.182442 17728.600911 17731.132422 -99.000000 -99.000000 1 1200 0.005635 74.3
62 209070.000000 71.236755 13936.848349 13939.151651 -99.000000 -99.000000 1 1200 0.005480 75.7
63 62908.000000 69.258934 4192.532580 4195.200753 -99.000000 -99.000000 1 1200 0.005401 72.8
64 295828.000000 70.107216 19720.591763 19723.141570 -99.000000 -99.000000 1 1200 0.005350 74.3
65 59667.000000 70.360054 3976.543794 3979.056206 -99.000000 -99.000000 1 1200 0.005143 75.6
66 259110.000000 70.902718 17272.797685 17275.202315 -99.000000 -99.000000 1 1200 0.005063 74.3
67 71190.000000 68.909447 4744.649867 4747.350133 -99.000000 -99.000000 1 1200 0.004866 75.3
68 224908.000000 71.001404 14992.676381 14995.056953 -99.000000 -99.000000 1 1200 0.004816 75.7
69 81629.000000 69.981819 5440.649680 5443.216987 -99.000000 -99.000000 1 1200 0.004801 74.3
70 2263229.000000 68.341675 150880.563450 150883.303216 -99.000000 -99.000000 1 1200 0.004519 74.6
71 286109.000000 69.965080 19072.649680 19075.216987 -99.000000 -99.000000 1 1200 0.004483 74.3
72 274589.000000 71.211037 18304.768377 18307.098290 -99.000000 -99.000000 1 1200 0.004459 75.6
73 259109.000000 69.656654 17272.625780 17275.240887 -99.000000 -99.000000 1 1200 0.004428 72.8
74 59670.000000 67.281433 3976.615020 3979.384980 -99.000000 -99.000000 1 1200 0.004326 72.4
75 206549.000000 67.929390 13768.555602 13771.311065 -99.000000 -99.000000 1 1200 0.004143 74.0
76 286830.000000 71.197548 19120.835043 19123.164957 -99.000000 -99.000000 1 1200 0.004096 75.7
77 70834.000000 45.276554 20.205120 21.797858 14.735475 16.328213 1 1200 0.004077 89.0
78 2144433.000000 56.818584 19.413244 21.464323 14.935677 16.986756 1 1200 0.004057 82.2
79 259108.000000 69.657730 17272.559113 17275.174220 -99.000000 -99.000000 1 1200 0.004016 72.8
80 210149.000000 68.241135 14008.563450 14011.303216 -99.000000 -99.000000 1 1200 0.003998 74.6
81 71189.000000 70.851097 4744.731018 4747.135648 -99.000000 -99.000000 1 1200 0.003998 75.6
82 62910.000000 70.019775 4192.716346 4195.283654 -99.000000 -99.000000 1 1200 0.003934 72.8
83 59314.000000 42.794559 20.270980 21.798497 14.734836 16.262353 1 1200 0.003767 86.3
84 56787.000000 68.976097 3784.454858 3787.145142 -99.000000 -99.000000 1 1200 0.003690 72.8
85 82350.000000 67.448929 5488.616225 5491.383775 -99.000000 -99.000000 1 1200 0.003678 72.4
86 241835.000000 42.695641 20.340184 21.864884 14.801782 16.326483 1 1200 0.003613 86.3
87 2586870.000000 67.513977 172456.616225 172459.383775 -99.000000 -99.000000 1 1200 0.003463 72.4
88 2586869.000000 67.612328 172456.550609 172459.316058 -99.000000 -99.000000 1 1200 0.003456 73.2
89 266310.000000 68.990631 17752.654858 17755.345142 -99.000000 -99.000000 1 1200 0.003438 75.3
90 297275.000000 42.826962 20.337006 21.865230 14.801437 16.329660 1 1200 0.003412 86.3
91 254073.000000 56.618000 19.436505 21.475833 14.924167 16.963495 1 1200 0.003352 82.2
92 2197350.000000 67.133156 146488.614856 146491.385144 -99.000000 -99.000000 1 1200 0.003327 71.3
93 303753.000000 42.209457 20.217171 21.730076 14.669924 16.182829 1 1200 0.003270 83.0
94 195393.000000 43.133831 20.196453 21.732512 14.667488 16.203547 1 1200 0.003261 83.0
95 210147.000000 68.760460 14008.445230 14011.154770 -99.000000 -99.000000 1 1200 0.003251 72.8
96 285389.000000 69.677109 19024.625780 19027.240887 -99.000000 -99.000000 1 1200 0.003186 72.8
97 295829.000000 70.356400 19720.677127 19723.189540 -99.000000 -99.000000 1 1200 0.003186 74.3
98 201513.000000 56.490849 19.449252 21.482089 14.917911 16.950748 1 1200 0.003135 82.2
99 224910.000000 70.549202 14992.764112 14995.235888 -99.000000 -99.000000 1 1200 0.003114 74.3
100 268113.000000 42.209866 20.217171 21.730076 14.669924 16.182829 1 1200 0.003085 83.0
