ID RA DEC LST1_start LST1_stop LST2_start LST2_stop Nvis Exptime Prob(Norm) Contour
1 131.289246 -11.074202 32.416096 33.089136 -99.000000 -99.000000 1 1200 0.030423 41.3
2 125.662628 -8.239439 31.880111 32.874907 -99.000000 -99.000000 1 1200 0.023560 62.4
3 125.859558 -4.915262 31.830525 32.950749 -99.000000 -99.000000 1 1200 0.023497 46.4
4 129.039017 -7.054988 32.070365 33.134837 -99.000000 -99.000000 1 1200 0.020456 59.8
5 125.772949 -7.975380 31.879463 32.890263 -99.000000 -99.000000 1 1200 0.019853 51.9
6 131.250763 -9.832807 32.322331 33.177771 -99.000000 -99.000000 1 1200 0.017641 59.1
7 128.893219 -9.612842 32.153804 33.031959 -99.000000 -99.000000 1 1200 0.017224 32.8
8 127.763306 -4.195947 32.160972 33.283986 31.751121 32.874135 1 1200 0.017138 72.1
9 130.095245 -10.131087 32.263155 33.082877 -99.000000 -99.000000 1 1200 0.015869 38.0
10 125.765068 -8.151489 31.882875 32.885800 -99.000000 -99.000000 1 1200 0.015776 57.0
11 127.926918 -5.665449 31.973293 33.083630 -99.000000 -99.000000 1 1200 0.015555 57.8
12 126.175041 -7.833399 31.898779 32.924560 -99.000000 -99.000000 1 1200 0.015208 46.0
13 129.410202 -6.718382 32.087230 33.167464 -99.000000 -99.000000 1 1200 0.015202 68.2
14 128.505981 -8.175758 32.065603 33.068528 -99.000000 -99.000000 1 1200 0.014953 41.6
15 125.814369 -4.970522 31.827512 32.947737 -99.000000 -99.000000 1 1200 0.014352 46.4
16 126.056969 -7.286993 31.877484 32.930112 -99.000000 -99.000000 1 1200 0.014023 43.3
17 129.203751 -7.171249 32.084242 33.142925 -99.000000 -99.000000 1 1200 0.014015 60.5
18 130.893005 -10.423547 32.335154 33.117247 -99.000000 -99.000000 1 1200 0.013979 44.4
19 128.795639 -8.387008 32.093168 33.079584 -99.000000 -99.000000 1 1200 0.013534 42.0
20 126.040977 -7.747270 31.889841 32.915623 -99.000000 -99.000000 1 1200 0.013184 47.5
21 120.833275 3.052202 33.010842 34.132429 29.978674 31.100262 1 1200 0.012824 62.1
22 127.942000 -4.118820 32.228298 33.351204 31.707729 32.830635 1 1200 0.012589 76.6
23 119.655624 8.029668 33.316167 34.447270 29.506813 30.637916 1 1200 0.012356 78.5
24 124.461227 -5.718249 31.743649 32.851181 -99.000000 -99.000000 1 1200 0.011781 54.6
25 126.052216 -2.082023 32.705269 33.826007 30.980955 32.101693 1 1200 0.011728 69.7
26 124.478539 -5.614638 31.743401 32.853738 -99.000000 -99.000000 1 1200 0.011549 52.1
27 118.191353 6.496706 33.115745 34.243013 29.515834 30.643102 1 1200 0.011539 66.4
28 131.386063 -10.737079 32.394526 33.123616 -99.000000 -99.000000 1 1200 0.011205 45.6
29 125.698830 -8.247216 31.882524 32.877320 -99.000000 -99.000000 1 1200 0.010384 55.4
30 130.965897 -11.135837 32.401771 33.060348 -99.000000 -99.000000 1 1200 0.010233 36.2
31 124.421402 -0.881303 32.795488 33.915619 30.673901 31.794033 1 1200 0.010030 62.8
32 125.321686 -8.442191 31.865887 32.843671 -99.000000 -99.000000 1 1200 0.009977 67.9
33 127.838226 -4.247341 32.116209 33.239299 31.805797 32.928888 1 1200 0.009951 72.1
34 124.216469 -0.745214 32.800983 33.921078 30.641117 31.761213 1 1200 0.009720 62.5
35 127.196342 -6.940179 31.944759 33.014753 -99.000000 -99.000000 1 1200 0.009685 40.6
36 127.156609 -7.838921 31.964217 32.989998 -99.000000 -99.000000 1 1200 0.009658 37.6
37 127.213852 -5.703114 31.927157 33.034689 -99.000000 -99.000000 1 1200 0.009586 49.8
38 125.775772 -4.943165 31.824939 32.945164 -99.000000 -99.000000 1 1200 0.009439 46.4
39 133.112686 -11.335757 32.559611 33.188747 -99.000000 -99.000000 1 1200 0.009417 68.7
40 125.154907 -5.176332 31.784261 32.903060 -99.000000 -99.000000 1 1200 0.009383 44.4
41 115.123428 13.871765 33.326203 34.479869 28.869922 30.023587 1 1200 0.009079 77.6
42 126.529068 -8.038189 31.929871 32.940671 -99.000000 -99.000000 1 1200 0.009027 41.7
43 126.081596 -6.271716 31.858655 32.952224 -99.000000 -99.000000 1 1200 0.008891 41.6
44 127.633408 -7.338412 31.982579 33.035208 -99.000000 -99.000000 1 1200 0.008859 40.9
45 128.203217 -8.863296 32.071677 33.022085 -99.000000 -99.000000 1 1200 0.008810 35.2
46 127.938072 -5.887950 31.976979 33.081431 -99.000000 -99.000000 1 1200 0.008606 58.4
47 127.920914 -4.117949 32.226893 33.349798 31.706323 32.829229 1 1200 0.008514 76.6
48 127.646744 -10.855078 32.152106 32.867460 -99.000000 -99.000000 1 1200 0.008512 56.4
49 128.545563 -8.174277 32.068242 33.071167 -99.000000 -99.000000 1 1200 0.008426 41.6
50 118.334671 6.516046 33.126687 34.253999 29.523958 30.651269 1 1200 0.008367 66.6
51 129.359787 -10.126252 32.214125 33.033847 -99.000000 -99.000000 1 1200 0.008364 32.5
52 127.944244 -5.186284 31.971067 33.088165 -99.000000 -99.000000 1 1200 0.008349 64.6
53 130.767000 -11.472600 32.418284 33.017316 -99.000000 -99.000000 1 1200 0.008253 29.8
54 129.108963 -6.826657 32.069640 33.144889 -99.000000 -99.000000 1 1200 0.008223 64.1
55 130.589706 -8.996228 32.235583 33.176378 -99.000000 -99.000000 1 1200 0.008119 59.7
56 123.127281 -4.725819 31.647364 32.769607 -99.000000 -99.000000 1 1200 0.008099 65.4
57 114.156342 17.883976 33.419363 34.596310 28.624536 29.801483 1 1200 0.008019 84.7
58 125.684242 -8.305828 31.881551 32.876347 -99.000000 -99.000000 1 1200 0.007959 60.8
59 121.213936 2.526576 32.986163 34.107252 30.054607 31.175695 1 1200 0.007936 62.9
60 127.218384 -7.710737 31.964783 32.997668 -99.000000 -99.000000 1 1200 0.007809 37.7
61 127.144798 -8.381142 31.983112 32.969527 -99.000000 -99.000000 1 1200 0.007745 38.5
62 123.461578 0.661348 32.934697 34.054771 30.406773 31.526847 1 1200 0.007575 66.6
63 128.164169 -5.901624 31.992052 33.096504 -99.000000 -99.000000 1 1200 0.007518 59.0
64 127.982712 -8.353664 32.038973 33.025388 -99.000000 -99.000000 1 1200 0.007492 36.8
65 126.063667 -9.341992 31.954262 32.854227 -99.000000 -99.000000 1 1200 0.007480 65.9
66 127.450569 -8.392230 32.003497 32.989912 -99.000000 -99.000000 1 1200 0.007459 36.5
67 125.913673 -0.167779 32.995149 34.115153 30.673336 31.793341 1 1200 0.007398 80.1
68 127.298599 -8.223792 31.989175 32.983971 -99.000000 -99.000000 1 1200 0.007336 37.0
69 127.264099 -9.398794 32.034291 32.934256 -99.000000 -99.000000 1 1200 0.007294 43.6
70 125.038399 -2.430760 32.568721 33.689730 30.982056 32.103066 1 1200 0.007095 58.0
71 131.219421 -10.016409 32.332039 33.163883 -99.000000 -99.000000 1 1200 0.007081 53.9
72 115.608215 11.246797 33.232977 34.374982 29.039447 30.181452 1 1200 0.007055 72.9
73 120.409920 6.624010 33.271959 34.399494 29.655162 30.782697 1 1200 0.007030 77.5
74 127.850052 -5.882183 31.971111 33.075563 -99.000000 -99.000000 1 1200 0.006967 54.9
75 129.194794 -7.129025 32.083645 33.142328 -99.000000 -99.000000 1 1200 0.006933 60.5
76 129.124054 -11.831100 32.355746 32.860794 -99.000000 -99.000000 1 1200 0.006911 40.2
77 125.994583 -6.895042 31.864642 32.934636 -99.000000 -99.000000 1 1200 0.006878 42.0
78 125.846184 -8.972884 31.919348 32.860143 -99.000000 -99.000000 1 1200 0.006859 63.3
79 111.256935 23.783270 33.391445 34.615641 28.218617 29.442813 1 1200 0.006830 88.0
80 130.032501 -11.118310 32.339545 32.998122 -99.000000 -99.000000 1 1200 0.006824 28.7
81 128.579575 -7.592615 32.052107 33.091836 -99.000000 -99.000000 1 1200 0.006821 48.0
82 118.244812 5.497222 33.044493 34.169662 29.596313 30.721482 1 1200 0.006772 66.6
83 129.098633 -7.230268 32.077234 33.135917 -99.000000 -99.000000 1 1200 0.006768 60.5
84 126.183228 -4.182553 32.065195 33.188192 31.636238 32.759236 1 1200 0.006761 53.0
85 118.575607 3.383260 32.891200 34.013157 29.796924 30.918881 1 1200 0.006733 71.6
86 116.110115 9.959606 33.195673 34.332817 29.148531 30.285675 1 1200 0.006679 71.6
87 119.715363 7.493281 33.285585 34.415260 29.546788 30.676463 1 1200 0.006613 76.2
88 122.376213 5.280645 33.304079 34.428867 29.887961 31.012750 1 1200 0.006565 80.4
89 130.343994 -9.183177 32.229174 33.150025 -99.000000 -99.000000 1 1200 0.006537 54.9
90 126.993594 -8.648184 31.981787 32.950692 -99.000000 -99.000000 1 1200 0.006510 40.0
91 126.135277 -4.888113 31.848332 32.969705 -99.000000 -99.000000 1 1200 0.006445 48.6
92 120.589813 6.878593 33.301845 34.429976 29.648665 30.776797 1 1200 0.006428 80.0
93 127.917419 -5.764060 31.974062 33.081594 -99.000000 -99.000000 1 1200 0.006425 58.4
94 125.783020 -5.002333 31.825422 32.945647 -99.000000 -99.000000 1 1200 0.006416 46.4
95 128.716965 -4.403994 32.019554 33.142708 -99.000000 -99.000000 1 1200 0.006256 79.9
96 127.851044 -4.035952 32.271816 33.394605 31.652201 32.774990 1 1200 0.006237 76.6
97 110.392532 23.548796 33.328465 34.550390 28.168614 29.390540 1 1200 0.006160 86.9
98 123.994003 -1.769992 32.623790 33.744326 30.788208 31.908744 1 1200 0.006147 54.2
99 120.777351 3.416646 33.041052 34.163049 29.940598 31.062595 1 1200 0.006144 63.6
100 120.322609 4.299788 33.087884 34.211054 29.831961 30.955131 1 1200 0.006122 66.0
