ID RA DEC LST1_start LST1_stop LST2_start LST2_stop Nvis Exptime Prob(Norm) Contour
1 237053.000000 25.972116 13.550442 14.796423 8.270244 9.516224 1 1200 0.113834 82.1
2 274495.000000 34.047459 13.759061 15.111175 8.222158 9.574273 1 1200 0.023627 89.7
3 2040651.000000 21.117458 13.308947 14.509812 8.290188 9.491053 1 1200 0.021244 89.9
4 2584252.000000 23.949547 13.444492 14.670222 8.263112 9.488841 1 1200 0.019844 89.4
5 284931.000000 20.534166 13.292124 14.488190 8.311810 9.507876 1 1200 0.019485 87.7
6 48771.000000 20.966358 13.304621 14.504215 8.295785 9.495379 1 1200 0.017243 89.9
7 2100051.000000 21.273998 13.313227 14.515379 8.284621 9.486773 1 1200 0.016764 87.3
8 79733.000000 24.666866 13.526356 14.759184 8.307483 9.540311 1 1200 0.016676 81.6
9 79732.000000 24.347696 13.453056 14.682689 8.250644 9.480278 1 1200 0.016553 86.6
10 289251.000000 21.111107 13.308229 14.508882 8.291118 9.491771 1 1200 0.013892 89.9
11 2123812.000000 24.287260 13.451367 14.680212 8.253122 9.481966 1 1200 0.013801 86.6
12 227691.000000 19.658455 13.266855 14.456382 8.343618 9.533145 1 1200 0.013439 85.2
13 2598653.000000 26.374685 13.557483 14.807881 8.258786 9.509184 1 1200 0.013257 86.5
14 246057.000000 33.564636 13.891736 15.236202 8.363798 9.708264 1 1200 0.012964 84.4
15 46610.000000 18.694086 13.169467 14.351953 8.314713 9.497199 1 1200 0.012463 87.9
16 207171.000000 20.957726 13.304621 14.504215 8.295785 9.495379 1 1200 0.012256 89.9
17 205009.000000 15.631359 12.992810 14.155974 8.377359 9.540523 1 1200 0.012052 87.9
18 258290.000000 17.630821 13.133530 14.308817 8.357849 9.533137 1 1200 0.011842 87.7
19 2658773.000000 26.683023 13.562444 14.816151 8.250516 9.504223 1 1200 0.011548 88.9
20 223733.000000 27.283754 13.571845 14.832351 8.234316 9.494822 1 1200 0.011429 86.7
21 302572.000000 22.867775 13.420201 14.636000 8.297333 9.513132 1 1200 0.011283 84.5
22 2144691.000000 21.369350 13.315351 14.518150 8.281850 9.484649 1 1200 0.010887 87.3
23 2598654.000000 29.613628 13.667826 14.956606 8.243394 9.532174 1 1200 0.010858 86.0
24 224453.000000 27.236217 13.571019 14.830897 8.235770 9.495647 1 1200 0.010667 88.9
25 221213.000000 25.414167 13.540565 14.780823 8.285844 9.526102 1 1200 0.010566 84.0
26 212572.000000 23.105711 13.425849 14.643823 8.289510 9.507484 1 1200 0.010325 87.1
27 232733.000000 26.142586 13.553767 14.801796 8.264871 9.512899 1 1200 0.010298 86.5
28 1070094.000000 28.950047 13.660539 14.940854 8.259146 9.539461 1 1200 0.010126 88.6
29 2623493.000000 23.580999 13.502896 14.725072 8.341595 9.563771 1 1200 0.010060 79.5
30 205372.000000 23.152399 13.426470 14.644688 8.288646 9.506863 1 1200 0.009941 87.1
31 121132.000000 23.376671 13.432001 14.652432 8.280902 9.501332 1 1200 0.009564 87.1
32 124012.000000 24.309942 13.451931 14.681038 8.252295 9.481402 1 1200 0.009537 86.6
33 2588791.000000 8.310847 3.424139 4.556064 23.577269 0.709195 1 1200 0.009420 86.0
34 2583550.000000 69.861946 172235.374657 172237.958676 -99.000000 -99.000000 1 1200 0.009109 82.4
35 2040652.000000 21.213579 13.377759 14.579266 8.354067 9.555574 1 1200 0.009013 80.5
36 256129.000000 15.636079 12.992810 14.155974 8.377359 9.540523 1 1200 0.008853 87.9
37 54891.000000 20.389853 13.288381 14.483430 8.316570 9.511619 1 1200 0.008719 87.7
38 2018911.000000 8.276927 3.421529 4.553335 23.579999 0.711804 1 1200 0.008642 86.0
39 42651.000000 19.963100 13.275425 14.467087 8.332913 9.524575 1 1200 0.008641 85.2
40 2590009.000000 15.640052 12.992810 14.155974 8.377359 9.540523 1 1200 0.008601 87.9
41 302570.000000 18.565813 13.165297 14.346895 8.319772 9.501369 1 1200 0.008513 87.9
42 213651.000000 20.730602 13.298049 14.495762 8.304238 9.501951 1 1200 0.008474 84.7
43 2143614.000000 28.761475 13.658247 14.936152 8.263848 9.541753 1 1200 0.008405 83.7
44 63889.000000 15.917530 13.003420 14.168133 8.365200 9.529913 1 1200 0.008339 87.9
45 292854.000000 29.494099 13.666381 14.953371 8.246629 9.533619 1 1200 0.008252 86.0
46 276654.000000 30.318869 13.674461 14.972403 8.227597 9.525539 1 1200 0.008192 88.2
47 73251.000000 20.748247 13.298785 14.496705 8.303295 9.501215 1 1200 0.007827 84.7
48 2583892.000000 22.805178 13.418295 14.633377 8.299957 9.515038 1 1200 0.007796 84.5
49 76873.000000 73.129860 5124.116599 5125.616734 -99.000000 -99.000000 1 1200 0.007794 87.6
50 243171.000000 20.596972 13.294355 14.491036 8.308964 9.505645 1 1200 0.007760 87.7
51 2120932.000000 22.825653 13.418932 14.634252 8.299081 9.514402 1 1200 0.007491 84.5
52 272190.000000 10.250759 3.472106 4.610333 23.389667 0.527894 1 1200 0.007325 88.8
53 2304913.000000 73.828087 153660.469628 153661.263705 -99.000000 -99.000000 1 1200 0.007281 88.3
54 2584253.000000 24.032383 13.512895 14.739398 8.327269 9.553771 1 1200 0.007124 80.0
55 73971.000000 19.975212 13.276197 14.468055 8.331945 9.523803 1 1200 0.007121 85.2
56 71809.000000 15.513793 12.987943 14.150415 8.382918 9.545391 1 1200 0.007089 87.9
57 272330.000000 16.970417 13.110259 14.281384 8.385282 9.556407 1 1200 0.007052 85.3
58 273774.000000 28.717373 13.657913 14.935477 8.264523 9.542087 1 1200 0.007020 83.7
59 209694.000000 28.252308 13.652013 14.923844 8.276156 9.547987 1 1200 0.006992 81.4
60 241390.000000 69.056473 16091.326872 16094.006462 -99.000000 -99.000000 1 1200 0.006978 80.8
61 216174.000000 29.610352 13.667826 14.956606 8.243394 9.532174 1 1200 0.006913 86.0
62 2113592.000000 5.701594 3.310573 4.436142 23.830525 0.956094 1 1200 0.006825 81.0
63 238854.000000 28.709509 13.657578 14.934800 8.265200 9.542422 1 1200 0.006803 83.7
64 277373.000000 27.971981 13.581674 14.850204 8.216463 9.484993 1 1200 0.006759 89.0
65 68429.000000 10.922452 3.441437 4.582132 23.284535 0.425229 1 1200 0.006685 81.0
66 2100052.000000 21.580673 13.387625 14.592170 8.341163 9.545708 1 1200 0.006607 80.5
67 54533.000000 26.872004 13.565511 14.821355 8.245312 9.501156 1 1200 0.006587 88.9
68 260114.000000 73.786858 17340.509162 17341.357504 -99.000000 -99.000000 1 1200 0.006569 88.3
69 2556912.000000 71.912102 170459.753593 170461.846407 -99.000000 -99.000000 1 1200 0.006561 86.1
70 63174.000000 27.410925 13.640551 14.902636 8.297364 9.559449 1 1200 0.006472 80.0
71 122236.000000 73.791367 8148.642496 8149.490838 -99.000000 -99.000000 1 1200 0.006461 78.3
72 2444593.000000 73.876556 162972.496992 162973.236342 -99.000000 -99.000000 1 1200 0.006400 88.3
73 63032.000000 5.811994 3.319110 4.444904 23.821762 0.947557 1 1200 0.006385 81.0
74 253466.000000 17.461643 3.527341 4.701486 22.765181 23.939325 1 1200 0.006372 88.9
75 200692.000000 22.928686 13.421465 14.637745 8.295589 9.511868 1 1200 0.006360 81.5
76 197093.000000 26.065289 13.552351 14.799499 8.267168 9.514316 1 1200 0.006345 86.4
77 47334.000000 28.738443 13.657913 14.935477 8.264523 9.542087 1 1200 0.006331 83.7
78 251453.000000 27.271652 13.571845 14.832351 8.234316 9.494822 1 1200 0.006307 86.7
79 67490.000000 17.429882 13.126453 14.300436 8.366231 9.540214 1 1200 0.006279 83.3
80 214367.000000 11.110377 12.652060 13.793534 8.473132 9.614607 1 1200 0.006231 88.5
81 40492.000000 22.519518 13.411858 14.624575 8.308758 9.521476 1 1200 0.006228 84.5
82 286033.000000 72.466629 19067.927407 19069.805926 -99.000000 -99.000000 1 1200 0.006127 87.1
83 224832.000000 69.359970 14987.471988 14990.128012 -99.000000 -99.000000 1 1200 0.006123 73.1
84 195653.000000 26.814285 13.564642 14.819873 8.246794 9.502025 1 1200 0.006107 88.9
85 2507066.000000 17.168707 3.517502 4.689884 22.776782 23.949164 1 1200 0.006048 88.9
86 61010.000000 17.242563 13.120199 14.293058 8.373608 9.546467 1 1200 0.005964 83.3
87 259010.000000 18.640385 13.167803 14.349932 8.316734 9.498864 1 1200 0.005945 87.9
88 248591.000000 68.819107 16571.383201 16574.083466 -99.000000 -99.000000 1 1200 0.005912 72.2
89 250033.000000 70.299202 16667.610460 16670.122873 -99.000000 -99.000000 1 1200 0.005910 74.4
90 2431115.000000 0.729010 3.045591 4.165681 0.500985 1.621075 1 1200 0.005880 70.6
91 212931.000000 21.423332 13.316760 14.519994 8.280006 9.483240 1 1200 0.005854 87.3
92 305831.000000 69.805725 20387.433359 20390.033308 -99.000000 -99.000000 1 1200 0.005850 82.4
93 264409.000000 14.918300 12.963192 14.122316 8.411017 9.570141 1 1200 0.005831 85.6
94 63551.000000 71.635872 4235.639216 4237.827451 -99.000000 -99.000000 1 1200 0.005804 85.6
95 239212.000000 21.254816 13.379184 14.581120 8.352214 9.554150 1 1200 0.005726 80.5
96 41211.000000 21.424500 13.316760 14.519994 8.280006 9.483240 1 1200 0.005722 87.3
97 60290.000000 17.396606 13.125563 14.299384 8.367283 9.541104 1 1200 0.005708 83.3
98 229134.000000 28.735413 13.657913 14.935477 8.264523 9.542087 1 1200 0.005628 83.7
99 291413.000000 27.281006 13.571845 14.832351 8.234316 9.494822 1 1200 0.005619 86.7
100 2123813.000000 24.215805 13.516901 14.745222 8.321444 9.549765 1 1200 0.005618 80.0
